<?xml version="1.0" encoding="UTF-8"?>
<!-- Generated by org.testng.reporters.JUnitReportReporter -->
<testsuite skipped="0" hostname="Mds-MacBook-Pro.home" name="com.kohls.test.BaseTest" tests="1" failures="0" timestamp="21 Apr 2020 06:01:31 GMT" time="58.767" errors="0">
  <testcase name="name" time="58.767" classname="com.kohls.test.BaseTest"/>
</testsuite> <!-- com.kohls.test.BaseTest -->
