<?xml version="1.0" encoding="UTF-8"?>
<!-- Generated by org.testng.reporters.JUnitReportReporter -->
<testsuite skipped="0" hostname="Mds-MacBook-Pro.home" name="com.kohls.test.SmokeTest" tests="1" failures="0" timestamp="01 May 2020 03:16:11 GMT" time="9.997" errors="0">
  <testcase name="homePageloader" time="9.997" classname="com.kohls.test.SmokeTest"/>
</testsuite> <!-- com.kohls.test.SmokeTest -->
