<?xml version="1.0" encoding="UTF-8"?>
<!-- Generated by org.testng.reporters.JUnitReportReporter -->
<testsuite skipped="4" hostname="Mds-MacBook-Pro.home" name="apiRestAssurted.SobujVaiTest" tests="5" failures="0" timestamp="25 Apr 2020 07:22:04 GMT" time="0.009" errors="0">
  <testcase name="funWithJavaStrings" time="0.009" classname="apiRestAssurted.SobujVaiTest"/>
  <testcase name="funWithArrayLists" classname="apiRestAssurted.SobujVaiTest">
    <skipped/>
  </testcase> <!-- funWithArrayLists -->
  <testcase name="funWithHashSets" classname="apiRestAssurted.SobujVaiTest">
    <skipped/>
  </testcase> <!-- funWithHashSets -->
  <testcase name="funWithHashMaps" classname="apiRestAssurted.SobujVaiTest">
    <skipped/>
  </testcase> <!-- funWithHashMaps -->
  <testcase name="funWithWebServices" classname="apiRestAssurted.SobujVaiTest">
    <skipped/>
  </testcase> <!-- funWithWebServices -->
</testsuite> <!-- apiRestAssurted.SobujVaiTest -->
